opt_type: cdk
gibbs_num: 1
batch_size: 14
lr: 0.003
lr_expdecay: 0.0
weight_decay: 0.0
hidden_unit: 20
epochs: 300000
run_time: 5
**************************************************cdk-1**************************************************
KL 0.0348 NLL -3.1256 prob_sum 0.9183
KL 0.0357 NLL -3.1391 prob_sum 0.8551
KL 0.0294 NLL -3.0506 prob_sum 0.928
KL 0.0299 NLL -3.0581 prob_sum 0.9271
KL 0.029 NLL -3.0456 prob_sum 0.9532
**************************************************


opt_type: cdk
gibbs_num: 10
batch_size: 14
lr: 0.01
lr_expdecay: 0.0
weight_decay: 0.0
hidden_unit: 20
epochs: 300000
run_time: 5
**************************************************cdk-10**************************************************
KL 0.0033 NLL -2.6859 prob_sum 0.9703
KL 0.0032 NLL -2.6832 prob_sum 0.981
KL 0.0029 NLL -2.6792 prob_sum 0.9896
KL 0.0034 NLL -2.6866 prob_sum 0.9908
KL 0.0025 NLL -2.6746 prob_sum 0.9931
**************************************************



opt_type: wcd
gibbs_num: 1
batch_size: 14
lr: 0.5
lr_expdecay: 0.0
weight_decay: 0.0
hidden_unit: 20
epochs: 300000
run_time: 5
**************************************************wcd-1**************************************************
KL 0.0048 NLL -2.706 prob_sum 0.9379
KL 0.005 NLL -2.7088 prob_sum 0.9356
KL 0.005 NLL -2.7094 prob_sum 0.9368
KL 0.004 NLL -2.6952 prob_sum 0.9478
KL 0.0048 NLL -2.7066 prob_sum 0.9368
**************************************************



opt_type: pcd
gibbs_num: 1
batch_size: 14
lr: 0.01
lr_expdecay: 1e-10
weight_decay: 2.5e-05
hidden_unit: 20
epochs: 300000
run_time: 5
**************************************************pcd-1**************************************************
KL 0.0121 NLL -2.8084 prob_sum 0.9885
KL 0.0117 NLL -2.8033 prob_sum 0.9872
KL 0.0066 NLL -2.731 prob_sum 0.9873
KL 0.0224 NLL -2.9525 prob_sum 0.9867
KL 0.0077 NLL -2.7463 prob_sum 0.9839
**************************************************



opt_type: wpcd
gibbs_num: 1
batch_size: 14
lr: 0.01
lr_expdecay: 1e-11
weight_decay: 2.5e-05
hidden_unit: 20
epochs: 300000
run_time: 5
**************************************************wpcd-1**************************************************
KL 0.0202 NLL -2.9216 prob_sum 0.7707
KL 0.0204 NLL -2.9246 prob_sum 0.7898
KL 0.0202 NLL -2.9225 prob_sum 0.766
KL 0.0195 NLL -2.9121 prob_sum 0.7829
KL 0.021 NLL -2.9328 prob_sum 0.7769
**************************************************