clearbash run.sh[?2004l

opt_type: cdk
gibbs_num: 1
batch_size: 14
lr: 0.01
lr_expdecay: 0.0
weight_decay: 0.0
hidden_unit: 20
epochs: 300000
run_time: 5
**************************************************cdk-1**************************************************
KL 0.0324 NLL -3.0933 prob_sum 0.9407
KL 0.0376 NLL -3.165 prob_sum 0.8973
KL 0.0313 NLL -3.0766 prob_sum 0.9342
KL 0.0338 NLL -3.1118 prob_sum 0.9639
KL 0.0317 NLL -3.0831 prob_sum 0.93
**************************************************
opt_type: cdk
gibbs_num: 1
batch_size: 14
lr: 0.003
lr_expdecay: 0.0
weight_decay: 0.0
hidden_unit: 20
epochs: 300000
run_time: 5
**************************************************cdk-1**************************************************
KL 0.0348 NLL -3.1256 prob_sum 0.9183
KL 0.0357 NLL -3.1391 prob_sum 0.8551
KL 0.0294 NLL -3.0506 prob_sum 0.928
KL 0.0299 NLL -3.0581 prob_sum 0.9271
KL 0.029 NLL -3.0456 prob_sum 0.9532
**************************************************
opt_type: cdk
gibbs_num: 1
batch_size: 14
lr: 0.0025
lr_expdecay: 0.0
weight_decay: 0.0
hidden_unit: 20
epochs: 300000
run_time: 5
**************************************************cdk-1**************************************************
KL 0.0364 NLL -3.1483 prob_sum 0.9188
KL 0.0319 NLL -3.0857 prob_sum 0.9116
KL 0.0335 NLL -3.1079 prob_sum 0.9375
KL 0.036 NLL -3.1425 prob_sum 0.8999
KL 0.032 NLL -3.0874 prob_sum 0.9516
**************************************************
opt_type: cdk
gibbs_num: 1
batch_size: 14
lr: 0.002
lr_expdecay: 0.0
weight_decay: 0.0
hidden_unit: 20
epochs: 300000
run_time: 5
**************************************************cdk-1**************************************************
KL 0.0344 NLL -3.1207 prob_sum 0.9096
KL 0.0351 NLL -3.1301 prob_sum 0.9344
KL 0.0341 NLL -3.1159 prob_sum 0.9053
KL 0.0287 NLL -3.0403 prob_sum 0.8941
KL 0.0368 NLL -3.1545 prob_sum 0.8881
**************************************************
opt_type: cdk
gibbs_num: 1
batch_size: 14
lr: 0.001
lr_expdecay: 0.0
weight_decay: 0.0
hidden_unit: 20
epochs: 300000
run_time: 5
**************************************************cdk-1**************************************************
KL 0.0341 NLL -3.1167 prob_sum 0.8205
KL 0.0434 NLL -3.2468 prob_sum 0.8003
KL 0.0389 NLL -3.1835 prob_sum 0.8391
KL 0.036 NLL -3.1433 prob_sum 0.7963
KL 0.0399 NLL -3.1979 prob_sum 0.7614
**************************************************
opt_type: cdk
gibbs_num: 1
batch_size: 14
lr: 0.0001
lr_expdecay: 0.0
weight_decay: 0.0
hidden_unit: 20
epochs: 300000
run_time: 5
**************************************************cdk-1**************************************************
KL 0.1483 NLL -4.7156 prob_sum 0.1503
KL 0.1587 NLL -4.8611 prob_sum 0.132
KL 0.1476 NLL -4.7054 prob_sum 0.1531
KL 0.1524 NLL -4.7724 prob_sum 0.1464
KL 0.1485 NLL -4.7176 prob_sum 0.1393
**************************************************
opt_type: cdk
gibbs_num: 10
batch_size: 14
lr: 0.01
lr_expdecay: 0.0
weight_decay: 0.0
hidden_unit: 20
epochs: 300000
run_time: 5
**************************************************cdk-10**************************************************
KL 0.0033 NLL -2.6859 prob_sum 0.9703
KL 0.0032 NLL -2.6832 prob_sum 0.981
KL 0.0029 NLL -2.6792 prob_sum 0.9896
KL 0.0034 NLL -2.6866 prob_sum 0.9908
KL 0.0025 NLL -2.6746 prob_sum 0.9931
**************************************************
opt_type: cdk
gibbs_num: 10
batch_size: 14
lr: 0.003
lr_expdecay: 0.0
weight_decay: 0.0
hidden_unit: 20
epochs: 300000
run_time: 5
**************************************************cdk-10**************************************************
KL 0.0034 NLL -2.6871 prob_sum 0.9787
KL 0.0043 NLL -2.6995 prob_sum 0.9715
KL 0.0034 NLL -2.6867 prob_sum 0.9783
KL 0.0041 NLL -2.6958 prob_sum 0.9631
KL 0.0035 NLL -2.6879 prob_sum 0.9783
**************************************************
opt_type: cdk
gibbs_num: 10
batch_size: 14
lr: 0.0025
lr_expdecay: 0.0
weight_decay: 0.0
hidden_unit: 20
epochs: 300000
run_time: 5
**************************************************cdk-10**************************************************
KL 0.0041 NLL -2.6958 prob_sum 0.9666
KL 0.0032 NLL -2.6836 prob_sum 0.9705
KL 0.0035 NLL -2.6878 prob_sum 0.9681
KL 0.0035 NLL -2.6879 prob_sum 0.97
KL 0.0041 NLL -2.6967 prob_sum 0.972
**************************************************
opt_type: cdk
gibbs_num: 10
batch_size: 14
lr: 0.002
lr_expdecay: 0.0
weight_decay: 0.0
hidden_unit: 20
epochs: 300000
run_time: 5
**************************************************cdk-10**************************************************
KL 0.0042 NLL -2.6974 prob_sum 0.9596
KL 0.0042 NLL -2.6983 prob_sum 0.9625
KL 0.0049 NLL -2.7083 prob_sum 0.9545
KL 0.0039 NLL -2.6932 prob_sum 0.9666
KL 0.0035 NLL -2.6885 prob_sum 0.9661
**************************************************
opt_type: cdk
gibbs_num: 10
batch_size: 14
lr: 0.001
lr_expdecay: 0.0
weight_decay: 0.0
hidden_unit: 20
epochs: 300000
run_time: 5
**************************************************cdk-10**************************************************
KL 0.0074 NLL -2.7422 prob_sum 0.9143
KL 0.0086 NLL -2.7593 prob_sum 0.9001
KL 0.0081 NLL -2.753 prob_sum 0.9041
KL 0.0071 NLL -2.7384 prob_sum 0.9212
KL 0.0071 NLL -2.7389 prob_sum 0.9152
**************************************************
opt_type: cdk
gibbs_num: 10
batch_size: 14
lr: 0.0001
lr_expdecay: 0.0
weight_decay: 0.0
hidden_unit: 20
epochs: 300000
run_time: 5
**************************************************cdk-10**************************************************
KL 0.1554 NLL -4.8153 prob_sum 0.1318
KL 0.1423 NLL -4.6319 prob_sum 0.1766
KL 0.1338 NLL -4.5125 prob_sum 0.1734
KL 0.1564 NLL -4.829 prob_sum 0.1328
KL 0.151 NLL -4.7527 prob_sum 0.1485
**************************************************
opt_type: wcd
gibbs_num: 1
batch_size: 14
lr: 0.01
lr_expdecay: 0.0
weight_decay: 0.0
hidden_unit: 20
epochs: 300000
run_time: 5
**************************************************wcd-1**************************************************
KL 0.0166 NLL -2.8714 prob_sum 0.7945
KL 0.0173 NLL -2.8808 prob_sum 0.7869
KL 0.0165 NLL -2.8704 prob_sum 0.7951
KL 0.0163 NLL -2.8668 prob_sum 0.797
KL 0.0164 NLL -2.8683 prob_sum 0.7957
**************************************************
opt_type: wcd
gibbs_num: 1
batch_size: 14
lr: 0.003
lr_expdecay: 0.0
weight_decay: 0.0
hidden_unit: 20
epochs: 300000
run_time: 5
**************************************************wcd-1**************************************************
KL 0.0314 NLL -3.0786 prob_sum 0.6457
KL 0.0349 NLL -3.1274 prob_sum 0.6153
KL 0.0316 NLL -3.082 prob_sum 0.6434
KL 0.0337 NLL -3.1107 prob_sum 0.6252
KL 0.0317 NLL -3.0824 prob_sum 0.6433
**************************************************
opt_type: wcd
gibbs_num: 1
batch_size: 14
lr: 0.0025
lr_expdecay: 0.0
weight_decay: 0.0
hidden_unit: 20
epochs: 300000
run_time: 5
**************************************************wcd-1**************************************************
KL 0.0363 NLL -3.1474 prob_sum 0.6024
KL 0.0347 NLL -3.1255 prob_sum 0.6155
KL 0.0362 NLL -3.1463 prob_sum 0.6031
KL 0.0358 NLL -3.1405 prob_sum 0.6074
KL 0.0355 NLL -3.1362 prob_sum 0.6097
**************************************************
opt_type: wcd
gibbs_num: 1
batch_size: 14
lr: 0.002
lr_expdecay: 0.0
weight_decay: 0.0
hidden_unit: 20
epochs: 300000
run_time: 5
**************************************************wcd-1**************************************************
KL 0.0414 NLL -3.2189 prob_sum 0.5619
KL 0.0389 NLL -3.1831 prob_sum 0.5813
KL 0.0381 NLL -3.1724 prob_sum 0.5881
KL 0.0393 NLL -3.1899 prob_sum 0.5777
KL 0.0382 NLL -3.1739 prob_sum 0.5873
**************************************************
opt_type: wcd
gibbs_num: 1
batch_size: 14
lr: 0.001
lr_expdecay: 0.0
weight_decay: 0.0
hidden_unit: 20
epochs: 300000
run_time: 5
**************************************************wcd-1**************************************************
KL 0.0568 NLL -3.4345 prob_sum 0.4535
KL 0.06 NLL -3.4793 prob_sum 0.4338
KL 0.0584 NLL -3.4561 prob_sum 0.4433
KL 0.0572 NLL -3.44 prob_sum 0.4508
KL 0.0585 NLL -3.4581 prob_sum 0.4434
**************************************************
opt_type: wcd
gibbs_num: 1
batch_size: 14
lr: 0.0001
lr_expdecay: 0.0
weight_decay: 0.0
hidden_unit: 20
epochs: 300000
run_time: 5
**************************************************wcd-1**************************************************
KL 0.1651 NLL -4.9499 prob_sum 0.1024
KL 0.1543 NLL -4.7986 prob_sum 0.1188
KL 0.1627 NLL -4.917 prob_sum 0.1048
KL 0.157 NLL -4.8365 prob_sum 0.1136
KL 0.1648 NLL -4.9457 prob_sum 0.1023
**************************************************
opt_type: pcd
gibbs_num: 1
batch_size: 14
lr: 0.01
lr_expdecay: 1e-09
weight_decay: 2.5e-05
hidden_unit: 20
epochs: 300000
run_time: 5
**************************************************pcd-1**************************************************
KL 0.0041 NLL -2.6963 prob_sum 0.9466
KL 0.0048 NLL -2.7068 prob_sum 0.94
KL 0.0045 NLL -2.7017 prob_sum 0.9407
KL 0.0053 NLL -2.7127 prob_sum 0.9356
KL 0.005 NLL -2.7095 prob_sum 0.9397
**************************************************
opt_type: pcd
gibbs_num: 1
batch_size: 14
lr: 0.01
lr_expdecay: 1e-10
weight_decay: 2.5e-05
hidden_unit: 20
epochs: 300000
run_time: 5
**************************************************pcd-1**************************************************
KL 0.0121 NLL -2.8084 prob_sum 0.9885
KL 0.0117 NLL -2.8033 prob_sum 0.9872
KL 0.0066 NLL -2.731 prob_sum 0.9873
KL 0.0224 NLL -2.9525 prob_sum 0.9867
KL 0.0077 NLL -2.7463 prob_sum 0.9839
**************************************************
opt_type: pcd
gibbs_num: 1
batch_size: 14
lr: 0.01
lr_expdecay: 1e-11
weight_decay: 2.5e-05
hidden_unit: 20
epochs: 300000
run_time: 5
**************************************************pcd-1**************************************************
KL 0.0409 NLL -3.2115 prob_sum 0.866
KL 0.0263 NLL -3.0075 prob_sum 0.9506
KL 0.0387 NLL -3.1808 prob_sum 0.9197
KL 0.0453 NLL -3.2734 prob_sum 0.8584
KL 0.0424 NLL -3.2323 prob_sum 0.9101
**************************************************
opt_type: pcd
gibbs_num: 1
batch_size: 14
lr: 0.0025
lr_expdecay: 1e-09
weight_decay: 2.5e-05
hidden_unit: 20
epochs: 300000
run_time: 5
**************************************************pcd-1**************************************************
KL 0.0451 NLL -3.2702 prob_sum 0.5372
KL 0.0417 NLL -3.2226 prob_sum 0.5602
KL 0.0456 NLL -3.2773 prob_sum 0.5349
KL 0.0516 NLL -3.362 prob_sum 0.498
KL 0.0538 NLL -3.3923 prob_sum 0.4842
**************************************************
opt_type: pcd
gibbs_num: 1
batch_size: 14
lr: 0.0025
lr_expdecay: 1e-10
weight_decay: 2.5e-05
hidden_unit: 20
epochs: 300000
run_time: 5
**************************************************pcd-1**************************************************
KL 0.0064 NLL -2.7293 prob_sum 0.917
KL 0.0064 NLL -2.7291 prob_sum 0.917
KL 0.0059 NLL -2.7217 prob_sum 0.9223
KL 0.0059 NLL -2.722 prob_sum 0.9225
KL 0.0069 NLL -2.7351 prob_sum 0.9125
**************************************************
opt_type: pcd
gibbs_num: 1
batch_size: 14
lr: 0.0025
lr_expdecay: 1e-11
weight_decay: 2.5e-05
hidden_unit: 20
epochs: 300000
run_time: 5
**************************************************pcd-1**************************************************
KL 0.0082 NLL -2.7539 prob_sum 0.9623
KL 0.0181 NLL -2.8927 prob_sum 0.921
KL 0.0141 NLL -2.8363 prob_sum 0.9671
KL 0.0184 NLL -2.8963 prob_sum 0.8423
KL 0.0147 NLL -2.845 prob_sum 0.9513
**************************************************
opt_type: pcd
gibbs_num: 1
batch_size: 14
lr: 0.001
lr_expdecay: 1e-09
weight_decay: 2.5e-05
hidden_unit: 20
epochs: 300000
run_time: 5
**************************************************pcd-1**************************************************
KL 0.1281 NLL -4.4319 prob_sum 0.1822
KL 0.1108 NLL -4.1903 prob_sum 0.2207
KL 0.1395 NLL -4.5923 prob_sum 0.1579
KL 0.1252 NLL -4.3922 prob_sum 0.1825
KL 0.1266 NLL -4.4114 prob_sum 0.1807
**************************************************
opt_type: pcd
gibbs_num: 1
batch_size: 14
lr: 0.001
lr_expdecay: 1e-10
weight_decay: 2.5e-05
hidden_unit: 20
epochs: 300000
run_time: 5
**************************************************pcd-1**************************************************
KL 0.0284 NLL -3.036 prob_sum 0.6756
KL 0.0248 NLL -2.9865 prob_sum 0.7107
KL 0.0337 NLL -3.1112 prob_sum 0.628
KL 0.0303 NLL -3.0639 prob_sum 0.6593
KL 0.0313 NLL -3.0774 prob_sum 0.6487
**************************************************
opt_type: pcd
gibbs_num: 1
batch_size: 14
lr: 0.001
lr_expdecay: 1e-11
weight_decay: 2.5e-05
hidden_unit: 20
epochs: 300000
run_time: 5
**************************************************pcd-1**************************************************
KL 0.0107 NLL -2.789 prob_sum 0.8892
KL 0.0104 NLL -2.7852 prob_sum 0.89
KL 0.0117 NLL -2.8023 prob_sum 0.8761
KL 0.0113 NLL -2.7979 prob_sum 0.8636
KL 0.0111 NLL -2.7947 prob_sum 0.8629
**************************************************
opt_type: pcd
gibbs_num: 1
batch_size: 14
lr: 0.0001
lr_expdecay: 1e-09
weight_decay: 2.5e-05
hidden_unit: 20
epochs: 300000
run_time: 5
**************************************************pcd-1**************************************************
KL 0.2693 NLL -6.409 prob_sum 0.0338
KL 0.2621 NLL -6.3078 prob_sum 0.0376
KL 0.2364 NLL -5.9488 prob_sum 0.051
KL 0.2444 NLL -6.0605 prob_sum 0.0503
KL 0.2483 NLL -6.1154 prob_sum 0.0351
**************************************************
opt_type: pcd
gibbs_num: 1
batch_size: 14
lr: 0.0001
lr_expdecay: 1e-10
weight_decay: 2.5e-05
hidden_unit: 20
epochs: 300000
run_time: 5
**************************************************pcd-1**************************************************
KL 0.1924 NLL -5.3328 prob_sum 0.074
KL 0.1788 NLL -5.1428 prob_sum 0.1024
KL 0.1861 NLL -5.2451 prob_sum 0.0827
KL 0.1768 NLL -5.1145 prob_sum 0.0964
KL 0.1894 NLL -5.2901 prob_sum 0.0774
**************************************************
opt_type: pcd
gibbs_num: 1
batch_size: 14
lr: 0.0001
lr_expdecay: 1e-11
weight_decay: 2.5e-05
hidden_unit: 20
epochs: 300000
run_time: 5
**************************************************pcd-1**************************************************
KL 0.1458 NLL -4.6796 prob_sum 0.1467
KL 0.1528 NLL -4.7777 prob_sum 0.1343
KL 0.1504 NLL -4.7441 prob_sum 0.1419
KL 0.1432 NLL -4.6435 prob_sum 0.1679
KL 0.1442 NLL -4.6581 prob_sum 0.1518
**************************************************
opt_type: wpcd
gibbs_num: 1
batch_size: 14
lr: 0.01
lr_expdecay: 1e-09
weight_decay: 2.5e-05
hidden_unit: 20
epochs: 300000
run_time: 5
**************************************************wpcd-1**************************************************
KL 0.0365 NLL -3.1494 prob_sum 0.6005
KL 0.0364 NLL -3.1483 prob_sum 0.6012
KL 0.035 NLL -3.1297 prob_sum 0.6123
KL 0.037 NLL -3.1574 prob_sum 0.5956
KL 0.0375 NLL -3.1643 prob_sum 0.5916
**************************************************
opt_type: wpcd
gibbs_num: 1
batch_size: 14
lr: 0.01
lr_expdecay: 1e-10
weight_decay: 2.5e-05
hidden_unit: 20
epochs: 300000
run_time: 5
**************************************************wpcd-1**************************************************
KL 0.0225 NLL -2.9539 prob_sum 0.7318
KL 0.0205 NLL -2.9259 prob_sum 0.7512
KL 0.0211 NLL -2.9338 prob_sum 0.7468
KL 0.0214 NLL -2.9384 prob_sum 0.7418
KL 0.0211 NLL -2.9345 prob_sum 0.7452
**************************************************
opt_type: wpcd
gibbs_num: 1
batch_size: 14
lr: 0.01
lr_expdecay: 1e-11
weight_decay: 2.5e-05
hidden_unit: 20
epochs: 300000
run_time: 5
**************************************************wpcd-1**************************************************
KL 0.0202 NLL -2.9216 prob_sum 0.7707
KL 0.0204 NLL -2.9246 prob_sum 0.7898
KL 0.0202 NLL -2.9225 prob_sum 0.766
KL 0.0195 NLL -2.9121 prob_sum 0.7829
KL 0.021 NLL -2.9328 prob_sum 0.7769
**************************************************
opt_type: wpcd
gibbs_num: 1
batch_size: 14
lr: 0.0025
lr_expdecay: 1e-09
weight_decay: 2.5e-05
hidden_unit: 20
epochs: 300000
run_time: 5
**************************************************wpcd-1**************************************************
KL 0.0856 NLL -3.8371 prob_sum 0.302
KL 0.0832 NLL -3.8037 prob_sum 0.3123
KL 0.0873 NLL -3.861 prob_sum 0.2953
KL 0.0886 NLL -3.88 prob_sum 0.2894
KL 0.0845 NLL -3.8222 prob_sum 0.3067
**************************************************
opt_type: wpcd
gibbs_num: 1
batch_size: 14
lr: 0.0025
lr_expdecay: 1e-10
weight_decay: 2.5e-05
hidden_unit: 20
epochs: 300000
run_time: 5
**************************************************wpcd-1**************************************************
KL 0.0423 NLL -3.2313 prob_sum 0.5533
KL 0.0406 NLL -3.2078 prob_sum 0.5663
KL 0.0426 NLL -3.2356 prob_sum 0.5508
KL 0.0419 NLL -3.2258 prob_sum 0.5563
KL 0.042 NLL -3.2268 prob_sum 0.556
**************************************************
opt_type: wpcd
gibbs_num: 1
batch_size: 14
lr: 0.0025
lr_expdecay: 1e-11
weight_decay: 2.5e-05
hidden_unit: 20
epochs: 300000
run_time: 5
**************************************************wpcd-1**************************************************
KL 0.0297 NLL -3.0545 prob_sum 0.6758
KL 0.0302 NLL -3.0617 prob_sum 0.6639
KL 0.0285 NLL -3.038 prob_sum 0.6834
KL 0.0291 NLL -3.046 prob_sum 0.6736
KL 0.0298 NLL -3.0564 prob_sum 0.6689
**************************************************
opt_type: wpcd
gibbs_num: 1
batch_size: 14
lr: 0.001
lr_expdecay: 1e-09
weight_decay: 2.5e-05
hidden_unit: 20
epochs: 300000
run_time: 5
**************************************************wpcd-1**************************************************
KL 0.1505 NLL -4.7463 prob_sum 0.1234
KL 0.1404 NLL -4.6042 prob_sum 0.1426
KL 0.1468 NLL -4.6942 prob_sum 0.129
KL 0.1416 NLL -4.6214 prob_sum 0.1393
KL 0.1469 NLL -4.6957 prob_sum 0.1295
**************************************************
opt_type: wpcd
gibbs_num: 1
batch_size: 14
lr: 0.001
lr_expdecay: 1e-10
weight_decay: 2.5e-05
hidden_unit: 20
epochs: 300000
run_time: 5
**************************************************wpcd-1**************************************************
KL 0.0717 NLL -3.6433 prob_sum 0.3665
KL 0.0822 NLL -3.7896 prob_sum 0.3171
KL 0.0718 NLL -3.644 prob_sum 0.3662
KL 0.0737 NLL -3.6711 prob_sum 0.3566
KL 0.073 NLL -3.6605 prob_sum 0.3603
**************************************************
opt_type: wpcd
gibbs_num: 1
batch_size: 14
lr: 0.001
lr_expdecay: 1e-11
weight_decay: 2.5e-05
hidden_unit: 20
epochs: 300000
run_time: 5
**************************************************wpcd-1**************************************************
KL 0.0455 NLL -3.2754 prob_sum 0.5305
KL 0.0466 NLL -3.291 prob_sum 0.5225
KL 0.0448 NLL -3.2666 prob_sum 0.5367
KL 0.0476 NLL -3.305 prob_sum 0.5144
KL 0.0481 NLL -3.3124 prob_sum 0.5112
**************************************************
opt_type: wpcd
gibbs_num: 1
batch_size: 14
lr: 0.0001
lr_expdecay: 1e-09
weight_decay: 2.5e-05
hidden_unit: 20
epochs: 300000
run_time: 5
**************************************************wpcd-1**************************************************
KL 0.2519 NLL -6.1661 prob_sum 0.0374
KL 0.2658 NLL -6.36 prob_sum 0.0377
KL 0.2218 NLL -5.7443 prob_sum 0.0591
KL 0.2358 NLL -5.9409 prob_sum 0.0442
KL 0.255 NLL -6.2091 prob_sum 0.0331
**************************************************
opt_type: wpcd
gibbs_num: 1
batch_size: 14
lr: 0.0001
lr_expdecay: 1e-10
weight_decay: 2.5e-05
hidden_unit: 20
epochs: 300000
run_time: 5
**************************************************wpcd-1**************************************************
KL 0.1996 NLL -5.4334 prob_sum 0.0678
KL 0.1964 NLL -5.3892 prob_sum 0.0744
KL 0.1959 NLL -5.3811 prob_sum 0.0721
KL 0.193 NLL -5.3412 prob_sum 0.0717
KL 0.1928 NLL -5.338 prob_sum 0.0725
**************************************************
opt_type: wpcd
gibbs_num: 1
batch_size: 14
lr: 0.0001
lr_expdecay: 1e-11
weight_decay: 2.5e-05
hidden_unit: 20
epochs: 300000
run_time: 5
**************************************************wpcd-1**************************************************
KL 0.1649 NLL -4.9477 prob_sum 0.1029
KL 0.1719 NLL -5.0454 prob_sum 0.0938
KL 0.1573 NLL -4.8413 prob_sum 0.1118
KL 0.164 NLL -4.9344 prob_sum 0.1036
KL 0.158 NLL -4.8516 prob_sum 0.1106
**************************************************